#LOG-ENTRY
TITLE: Mysql-Fehler
CODE: 2
TIME: 2009-04-12 12:02
FILE: H:\www\htdocs\JClubCMS\trunk\admin\lib\mysql.class.php
LINE: 143
MESSAGE: Verbindung zum Mysql-Server fehlgeschlagen.<br /> (#1045) Access denied for user 'jclubch_jclubcms'@'localhost' (using password: YES)
TRACE: #0 H:\www\htdocs\JClubCMS\trunk\admin\lib\mysql.class.php(123): Mysql->_connect() #1 H:\www\htdocs\JClubCMS\trunk\admin\lib\core.class.php(191): Mysql->__construct('localhost', 'jclubch_jclubcm...', 'jclubch_jclubcm...', 'DB_PW') #2 H:\www\htdocs\JClubCMS\trunk\admin\lib\core.class.php(135): Core->_initObjects() #3 H:\www\htdocs\JClubCMS\trunk\admin\lib\core.class.php(120): Core->__construct() #4 H:\www\htdocs\JClubCMS\trunk\index.php(21): Core::singleton() #5 {main}
POST: Array ( ) 
GET: Array ( ) 
COMMENT: 
#END

#LOG-ENTRY
TITLE: Mysql-Fehler
CODE: 2
TIME: 2009-04-12 12:03
FILE: H:\www\htdocs\JClubCMS\trunk\admin\lib\mysql.class.php
LINE: 143
MESSAGE: Verbindung zum Mysql-Server fehlgeschlagen.<br /> (#1045) Access denied for user 'jclubch_jclubcms'@'localhost' (using password: YES)
TRACE: #0 H:\www\htdocs\JClubCMS\trunk\admin\lib\mysql.class.php(123): Mysql->_connect() #1 H:\www\htdocs\JClubCMS\trunk\admin\lib\core.class.php(191): Mysql->__construct('localhost', 'jclubch_jclubcm...', 'jclubch_jclubcm...', 'DB_PW') #2 H:\www\htdocs\JClubCMS\trunk\admin\lib\core.class.php(135): Core->_initObjects() #3 H:\www\htdocs\JClubCMS\trunk\admin\lib\core.class.php(120): Core->__construct() #4 H:\www\htdocs\JClubCMS\trunk\admin\index.php(10): Core::singleton() #5 {main}
POST: Array ( ) 
GET: Array ( ) 
COMMENT: 
#END

#LOG-ENTRY
TITLE: Mysql-Fehler
CODE: 2
TIME: 2009-04-12 12:03
FILE: H:\www\htdocs\JClubCMS\trunk\admin\lib\mysql.class.php
LINE: 143
MESSAGE: Verbindung zum Mysql-Server fehlgeschlagen.<br /> (#1045) Access denied for user 'jclubch_jclubcms'@'localhost' (using password: YES)
TRACE: #0 H:\www\htdocs\JClubCMS\trunk\admin\lib\mysql.class.php(123): Mysql->_connect() #1 H:\www\htdocs\JClubCMS\trunk\admin\lib\core.class.php(191): Mysql->__construct('localhost', 'jclubch_jclubcm...', 'jclubch_jclubcm...', 'DB_PW') #2 H:\www\htdocs\JClubCMS\trunk\admin\lib\core.class.php(135): Core->_initObjects() #3 H:\www\htdocs\JClubCMS\trunk\admin\lib\core.class.php(120): Core->__construct() #4 H:\www\htdocs\JClubCMS\trunk\index.php(21): Core::singleton() #5 {main}
POST: Array ( ) 
GET: Array ( ) 
COMMENT: 
#END

#LOG-ENTRY
TITLE: Mysql-Fehler
CODE: 2
TIME: 2009-04-12 12:03
FILE: H:\www\htdocs\JClubCMS\trunk\admin\lib\mysql.class.php
LINE: 143
MESSAGE: Verbindung zum Mysql-Server fehlgeschlagen.<br /> (#1045) Access denied for user 'jclubch_jclubcms'@'localhost' (using password: YES)
TRACE: #0 H:\www\htdocs\JClubCMS\trunk\admin\lib\mysql.class.php(123): Mysql->_connect() #1 H:\www\htdocs\JClubCMS\trunk\admin\lib\core.class.php(191): Mysql->__construct('localhost', 'jclubch_jclubcm...', 'jclubch_jclubcm...', 'DB_PW') #2 H:\www\htdocs\JClubCMS\trunk\admin\lib\core.class.php(135): Core->_initObjects() #3 H:\www\htdocs\JClubCMS\trunk\admin\lib\core.class.php(120): Core->__construct() #4 H:\www\htdocs\JClubCMS\trunk\admin\index.php(10): Core::singleton() #5 {main}
POST: Array ( ) 
GET: Array ( ) 
COMMENT: 
#END

#LOG-ENTRY
TITLE: Mysql-Fehler
CODE: 2
TIME: 2009-04-12 12:06
FILE: H:\www\htdocs\JClubCMS\trunk\admin\lib\mysql.class.php
LINE: 143
MESSAGE: Verbindung zum Mysql-Server fehlgeschlagen.<br /> (#1045) Access denied for user 'jclubch_jclubcms'@'localhost' (using password: YES)
TRACE: #0 H:\www\htdocs\JClubCMS\trunk\admin\lib\mysql.class.php(123): Mysql->_connect() #1 H:\www\htdocs\JClubCMS\trunk\admin\lib\core.class.php(191): Mysql->__construct('localhost', 'jclubch_jclubcm...', 'jclubch_jclubcm...', 'DB_PW') #2 H:\www\htdocs\JClubCMS\trunk\admin\lib\core.class.php(135): Core->_initObjects() #3 H:\www\htdocs\JClubCMS\trunk\admin\lib\core.class.php(120): Core->__construct() #4 H:\www\htdocs\JClubCMS\trunk\index.php(21): Core::singleton() #5 {main}
POST: Array ( ) 
GET: Array ( ) 
COMMENT: 
#END

#LOG-ENTRY
TITLE: Mysql-Fehler
CODE: 2
TIME: 2009-04-12 12:06
FILE: H:\www\htdocs\JClubCMS\trunk\admin\lib\mysql.class.php
LINE: 143
MESSAGE: Verbindung zum Mysql-Server fehlgeschlagen.<br /> (#1045) Access denied for user 'jclubch_jclubcms'@'localhost' (using password: YES)
TRACE: #0 H:\www\htdocs\JClubCMS\trunk\admin\lib\mysql.class.php(123): Mysql->_connect() #1 H:\www\htdocs\JClubCMS\trunk\admin\lib\core.class.php(191): Mysql->__construct('localhost', 'jclubch_jclubcm...', 'jclubch_jclubcm...', 'DB_PW') #2 H:\www\htdocs\JClubCMS\trunk\admin\lib\core.class.php(135): Core->_initObjects() #3 H:\www\htdocs\JClubCMS\trunk\admin\lib\core.class.php(120): Core->__construct() #4 H:\www\htdocs\JClubCMS\trunk\index.php(21): Core::singleton() #5 {main}
POST: Array ( ) 
GET: Array ( ) 
COMMENT: 
#END

#LOG-ENTRY
TITLE: Mysql-Fehler
CODE: 2
TIME: 2009-04-12 12:07
FILE: H:\www\htdocs\JClubCMS\trunk\admin\lib\mysql.class.php
LINE: 143
MESSAGE: Verbindung zum Mysql-Server fehlgeschlagen.<br /> (#1045) Access denied for user 'jclubch_jclubcms'@'localhost' (using password: YES)
TRACE: #0 H:\www\htdocs\JClubCMS\trunk\admin\lib\mysql.class.php(123): Mysql->_connect() #1 H:\www\htdocs\JClubCMS\trunk\admin\lib\core.class.php(191): Mysql->__construct('localhost', 'jclubch_jclubcm...', 'jclubch_jclubcm...', 'DB_PW') #2 H:\www\htdocs\JClubCMS\trunk\admin\lib\core.class.php(135): Core->_initObjects() #3 H:\www\htdocs\JClubCMS\trunk\admin\lib\core.class.php(120): Core->__construct() #4 H:\www\htdocs\JClubCMS\trunk\index.php(21): Core::singleton() #5 {main}
POST: Array ( ) 
GET: Array ( ) 
COMMENT: 
#END

#LOG-ENTRY
TITLE: Mysql-Fehler
CODE: 2
TIME: 2009-04-12 12:07
FILE: H:\www\htdocs\JClubCMS\trunk\admin\lib\mysql.class.php
LINE: 143
MESSAGE: Verbindung zum Mysql-Server fehlgeschlagen.<br /> (#1045) Access denied for user 'jclubch_jclubcms'@'localhost' (using password: YES)
TRACE: #0 H:\www\htdocs\JClubCMS\trunk\admin\lib\mysql.class.php(123): Mysql->_connect() #1 H:\www\htdocs\JClubCMS\trunk\admin\lib\core.class.php(191): Mysql->__construct('localhost', 'jclubch_jclubcm...', 'jclubch_jclubcm...', 'DB_PW') #2 H:\www\htdocs\JClubCMS\trunk\admin\lib\core.class.php(135): Core->_initObjects() #3 H:\www\htdocs\JClubCMS\trunk\admin\lib\core.class.php(120): Core->__construct() #4 H:\www\htdocs\JClubCMS\trunk\index.php(21): Core::singleton() #5 {main}
POST: Array ( ) 
GET: Array ( ) 
COMMENT: 
#END

#LOG-ENTRY
TITLE: Mysql-Fehler
CODE: 2
TIME: 2009-04-12 15:14
FILE: H:\www\htdocs\JClubCMS\trunk\admin\lib\mysql.class.php
LINE: 127
MESSAGE:  <br />(#2005) Unknown MySQL server host 'localost' (11001)
TRACE: #0 H:\www\htdocs\JClubCMS\trunk\admin\lib\mysql.class.php(108): Mysql->_connect() #1 H:\www\htdocs\JClubCMS\trunk\admin\lib\core.class.php(191): Mysql->__construct('localost', 'jclubch_jclubcm...', 'jclubch_jclubcm...', '4pw4jclubcms') #2 H:\www\htdocs\JClubCMS\trunk\admin\lib\core.class.php(135): Core->_initObjects() #3 H:\www\htdocs\JClubCMS\trunk\admin\lib\core.class.php(120): Core->__construct() #4 H:\www\htdocs\JClubCMS\trunk\index.php(21): Core::singleton() #5 {main}
POST: Array ( ) 
GET: Array ( ) 
COMMENT: 
#END

#LOG-ENTRY
TITLE: Mysql-Fehler
CODE: 2
TIME: 2009-04-12 15:16
FILE: H:\www\htdocs\JClubCMS\trunk\admin\lib\mysql.class.php
LINE: 127
MESSAGE:  <br />(#2005) Unknown MySQL server host 'localost' (11001)
TRACE: #0 H:\www\htdocs\JClubCMS\trunk\admin\lib\mysql.class.php(108): Mysql->_connect() #1 H:\www\htdocs\JClubCMS\trunk\admin\lib\core.class.php(192): Mysql->__construct('localost', 'jclubch_jclubcm...', 'jclubch_jclubcm...', '4pw4jclubcms') #2 H:\www\htdocs\JClubCMS\trunk\admin\lib\core.class.php(136): Core->_initObjects() #3 H:\www\htdocs\JClubCMS\trunk\admin\lib\core.class.php(121): Core->__construct() #4 H:\www\htdocs\JClubCMS\trunk\index.php(21): Core::singleton() #5 {main}
POST: Array ( ) 
GET: Array ( ) 
COMMENT: 
#END

#LOG-ENTRY
TITLE: Mysql-Fehler
CODE: 2
TIME: 2009-04-12 15:16
FILE: H:\www\htdocs\JClubCMS\trunk\admin\lib\mysql.class.php
LINE: 127
MESSAGE:  <br />(#2005) Unknown MySQL server host 'localost' (11001)
TRACE: #0 H:\www\htdocs\JClubCMS\trunk\admin\lib\mysql.class.php(108): Mysql->_connect() #1 H:\www\htdocs\JClubCMS\trunk\admin\lib\core.class.php(192): Mysql->__construct('localost', 'jclubch_jclubcm...', 'jclubch_jclubcm...', '4pw4jclubcms') #2 H:\www\htdocs\JClubCMS\trunk\admin\lib\core.class.php(136): Core->_initObjects() #3 H:\www\htdocs\JClubCMS\trunk\admin\lib\core.class.php(121): Core->__construct() #4 H:\www\htdocs\JClubCMS\trunk\index.php(21): Core::singleton() #5 {main}
POST: Array ( ) 
GET: Array ( ) 
COMMENT: 
#END

#LOG-ENTRY
TITLE: Mysql-Fehler
CODE: 2
TIME: 2009-04-12 15:17
FILE: H:\www\htdocs\JClubCMS\trunk\admin\lib\mysql.class.php
LINE: 127
MESSAGE:  <br />(#2005) Unknown MySQL server host 'localost' (11001)
TRACE: #0 H:\www\htdocs\JClubCMS\trunk\admin\lib\mysql.class.php(108): Mysql->_connect() #1 H:\www\htdocs\JClubCMS\trunk\admin\lib\core.class.php(192): Mysql->__construct('localost', 'jclubch_jclubcm...', 'jclubch_jclubcm...', '4pw4jclubcms') #2 H:\www\htdocs\JClubCMS\trunk\admin\lib\core.class.php(136): Core->_initObjects() #3 H:\www\htdocs\JClubCMS\trunk\admin\lib\core.class.php(121): Core->__construct() #4 H:\www\htdocs\JClubCMS\trunk\index.php(21): Core::singleton() #5 {main}
POST: Array ( ) 
GET: Array ( ) 
COMMENT: 
#END

#LOG-ENTRY
TITLE: Mysql-Fehler
CODE: 2
TIME: 2009-04-12 15:19
FILE: H:\www\htdocs\JClubCMS\trunk\admin\lib\mysql.class.php
LINE: 127
MESSAGE:  <br />(#2005) Unknown MySQL server host 'localost' (11001)
TRACE: #0 H:\www\htdocs\JClubCMS\trunk\admin\lib\mysql.class.php(108): Mysql->_connect() #1 H:\www\htdocs\JClubCMS\trunk\admin\lib\core.class.php(192): Mysql->__construct('localost', 'jclubch_jclubcm...', 'jclubch_jclubcm...', '4pw4jclubcms') #2 H:\www\htdocs\JClubCMS\trunk\admin\lib\core.class.php(136): Core->_initObjects() #3 H:\www\htdocs\JClubCMS\trunk\admin\lib\core.class.php(121): Core->__construct() #4 H:\www\htdocs\JClubCMS\trunk\index.php(21): Core::singleton() #5 {main}
POST: Array ( ) 
GET: Array ( ) 
COMMENT: 
#END

#LOG-ENTRY
TITLE: Mysql-Fehler
CODE: 2
TIME: 2009-04-12 15:20
FILE: H:\www\htdocs\JClubCMS\trunk\admin\lib\mysql.class.php
LINE: 127
MESSAGE:  <br />(#2005) Unknown MySQL server host 'localost' (11001)
TRACE: #0 H:\www\htdocs\JClubCMS\trunk\admin\lib\mysql.class.php(108): Mysql->_connect() #1 H:\www\htdocs\JClubCMS\trunk\admin\lib\core.class.php(192): Mysql->__construct('localost', 'jclubch_jclubcm...', 'jclubch_jclubcm...', '4pw4jclubcms') #2 H:\www\htdocs\JClubCMS\trunk\admin\lib\core.class.php(136): Core->_initObjects() #3 H:\www\htdocs\JClubCMS\trunk\admin\lib\core.class.php(121): Core->__construct() #4 H:\www\htdocs\JClubCMS\trunk\index.php(21): Core::singleton() #5 {main}
POST: Array ( ) 
GET: Array ( ) 
COMMENT: 
#END

#LOG-ENTRY
TITLE: Mysql-Fehler
CODE: 2
TIME: 2009-04-12 15:21
FILE: H:\www\htdocs\JClubCMS\trunk\admin\lib\mysql.class.php
LINE: 127
MESSAGE: Verbindung zum Mysql-Server fehlgeschlagen <br />(#2005) Unknown MySQL server host 'localost' (11001)
TRACE: #0 H:\www\htdocs\JClubCMS\trunk\admin\lib\mysql.class.php(108): Mysql->_connect() #1 H:\www\htdocs\JClubCMS\trunk\admin\lib\core.class.php(192): Mysql->__construct('localost', 'jclubch_jclubcm...', 'jclubch_jclubcm...', '4pw4jclubcms') #2 H:\www\htdocs\JClubCMS\trunk\admin\lib\core.class.php(136): Core->_initObjects() #3 H:\www\htdocs\JClubCMS\trunk\admin\lib\core.class.php(121): Core->__construct() #4 H:\www\htdocs\JClubCMS\trunk\index.php(21): Core::singleton() #5 {main}
POST: Array ( ) 
GET: Array ( ) 
COMMENT: 
#END

#LOG-ENTRY
TITLE: Mysql-Fehler
CODE: 2
TIME: 2009-04-12 15:25
FILE: H:\www\htdocs\JClubCMS\trunk\admin\lib\mysql.class.php
LINE: 127
MESSAGE: Verbindung zum Mysql-Server fehlgeschlagen <br />(#2005) Unknown MySQL server host 'localost' (11001)
TRACE: #0 H:\www\htdocs\JClubCMS\trunk\admin\lib\mysql.class.php(108): Mysql->_connect() #1 H:\www\htdocs\JClubCMS\trunk\admin\lib\core.class.php(196): Mysql->__construct('localost', 'jclubch_jclubcm...', 'jclubch_jclubcm...', '4pw4jclubcms') #2 H:\www\htdocs\JClubCMS\trunk\admin\lib\core.class.php(136): Core->_initObjects() #3 H:\www\htdocs\JClubCMS\trunk\admin\lib\core.class.php(121): Core->__construct() #4 H:\www\htdocs\JClubCMS\trunk\index.php(21): Core::singleton() #5 {main}
POST: Array ( ) 
GET: Array ( ) 
COMMENT: 
#END

#LOG-ENTRY
TITLE: Mysql-Fehler
CODE: 2
TIME: 2009-04-12 15:27
FILE: H:\www\htdocs\JClubCMS\trunk\admin\lib\mysql.class.php
LINE: 127
MESSAGE: Verbindung zum Mysql-Server fehlgeschlagen (#2005) Unknown MySQL server host 'localost' (11001)
TRACE: #0 H:\www\htdocs\JClubCMS\trunk\admin\lib\mysql.class.php(108): Mysql->_connect() #1 H:\www\htdocs\JClubCMS\trunk\admin\lib\core.class.php(196): Mysql->__construct('localost', 'jclubch_jclubcm...', 'jclubch_jclubcm...', '4pw4jclubcms') #2 H:\www\htdocs\JClubCMS\trunk\admin\lib\core.class.php(136): Core->_initObjects() #3 H:\www\htdocs\JClubCMS\trunk\admin\lib\core.class.php(121): Core->__construct() #4 H:\www\htdocs\JClubCMS\trunk\index.php(21): Core::singleton() #5 {main}
POST: Array ( ) 
GET: Array ( ) 
COMMENT: 
#END

#LOG-ENTRY
TITLE: Mysql-Fehler
CODE: 2
TIME: 2009-04-12 15:28
FILE: H:\www\htdocs\JClubCMS\trunk\admin\lib\mysql.class.php
LINE: 127
MESSAGE: Verbindung zum Mysql-Server fehlgeschlagen\ - (#2005) Unknown MySQL server host 'localost' (11001)
TRACE: #0 H:\www\htdocs\JClubCMS\trunk\admin\lib\mysql.class.php(108): Mysql->_connect() #1 H:\www\htdocs\JClubCMS\trunk\admin\lib\core.class.php(196): Mysql->__construct('localost', 'jclubch_jclubcm...', 'jclubch_jclubcm...', '4pw4jclubcms') #2 H:\www\htdocs\JClubCMS\trunk\admin\lib\core.class.php(136): Core->_initObjects() #3 H:\www\htdocs\JClubCMS\trunk\admin\lib\core.class.php(121): Core->__construct() #4 H:\www\htdocs\JClubCMS\trunk\index.php(21): Core::singleton() #5 {main}
POST: Array ( ) 
GET: Array ( ) 
COMMENT: 
#END

#LOG-ENTRY
TITLE: Mysql-Fehler
CODE: 2
TIME: 2009-04-12 15:28
FILE: H:\www\htdocs\JClubCMS\trunk\admin\lib\mysql.class.php
LINE: 127
MESSAGE: Verbindung zum Mysql-Server fehlgeschlagen\ - (#2005) Unknown MySQL server host 'localost' (11001)
TRACE: #0 H:\www\htdocs\JClubCMS\trunk\admin\lib\mysql.class.php(108): Mysql->_connect() #1 H:\www\htdocs\JClubCMS\trunk\admin\lib\core.class.php(196): Mysql->__construct('localost', 'jclubch_jclubcm...', 'jclubch_jclubcm...', '4pw4jclubcms') #2 H:\www\htdocs\JClubCMS\trunk\admin\lib\core.class.php(136): Core->_initObjects() #3 H:\www\htdocs\JClubCMS\trunk\admin\lib\core.class.php(121): Core->__construct() #4 H:\www\htdocs\JClubCMS\trunk\index.php(21): Core::singleton() #5 {main}
POST: Array ( ) 
GET: Array ( ) 
COMMENT: 
#END

#LOG-ENTRY
TITLE: Mysql-Fehler
CODE: 2
TIME: 2009-04-12 15:28
FILE: H:\www\htdocs\JClubCMS\trunk\admin\lib\mysql.class.php
LINE: 127
MESSAGE: Verbindung zum Mysql-Server fehlgeschlagen  - (#2005) Unknown MySQL server host 'localost' (11001)
TRACE: #0 H:\www\htdocs\JClubCMS\trunk\admin\lib\mysql.class.php(108): Mysql->_connect() #1 H:\www\htdocs\JClubCMS\trunk\admin\lib\core.class.php(196): Mysql->__construct('localost', 'jclubch_jclubcm...', 'jclubch_jclubcm...', '4pw4jclubcms') #2 H:\www\htdocs\JClubCMS\trunk\admin\lib\core.class.php(136): Core->_initObjects() #3 H:\www\htdocs\JClubCMS\trunk\admin\lib\core.class.php(121): Core->__construct() #4 H:\www\htdocs\JClubCMS\trunk\index.php(21): Core::singleton() #5 {main}
POST: Array ( ) 
GET: Array ( ) 
COMMENT: 
#END

#LOG-ENTRY
TITLE: Mysql-Fehler
CODE: 2
TIME: 2009-04-12 15:31
FILE: H:\www\htdocs\JClubCMS\trunk\admin\lib\mysql.class.php
LINE: 127
MESSAGE: Verbindung zum Mysql-Server fehlgeschlagen  - (#2005) Unknown MySQL server host 'localost' (11001)
TRACE: #0 H:\www\htdocs\JClubCMS\trunk\admin\lib\mysql.class.php(108): Mysql->_connect() #1 H:\www\htdocs\JClubCMS\trunk\admin\lib\core.class.php(196): Mysql->__construct('localost', 'jclubch_jclubcm...', 'jclubch_jclubcm...', '4pw4jclubcms') #2 H:\www\htdocs\JClubCMS\trunk\admin\lib\core.class.php(136): Core->_initObjects() #3 H:\www\htdocs\JClubCMS\trunk\admin\lib\core.class.php(121): Core->__construct() #4 H:\www\htdocs\JClubCMS\trunk\index.php(21): Core::singleton() #5 {main}
POST: Array ( ) 
GET: Array (     [nav_id] => 25 ) 
COMMENT: 
#END

#LOG-ENTRY
TITLE: Mysql-Fehler
CODE: 2
TIME: 2009-04-12 15:31
FILE: H:\www\htdocs\JClubCMS\trunk\admin\lib\mysql.class.php
LINE: 127
MESSAGE: Verbindung zum Mysql-Server fehlgeschlagen  - (#2005) Unknown MySQL server host 'localost' (11001)
TRACE: #0 H:\www\htdocs\JClubCMS\trunk\admin\lib\mysql.class.php(108): Mysql->_connect() #1 H:\www\htdocs\JClubCMS\trunk\admin\lib\core.class.php(196): Mysql->__construct('localost', 'jclubch_jclubcm...', 'jclubch_jclubcm...', '4pw4jclubcms') #2 H:\www\htdocs\JClubCMS\trunk\admin\lib\core.class.php(136): Core->_initObjects() #3 H:\www\htdocs\JClubCMS\trunk\admin\lib\core.class.php(121): Core->__construct() #4 H:\www\htdocs\JClubCMS\trunk\index.php(21): Core::singleton() #5 {main}
POST: Array ( ) 
GET: Array ( ) 
COMMENT: 
#END

